2024-06-12 09:53:13,634 [INFO] Activator:176 - 


2024-06-12 09:53:13,637 [INFO] Activator:177 - !SESSION log4j initialized
2024-06-12 09:53:18,011 [INFO] LogOutputStream:77 - [STDOUT_REDIRECT] 
2024-06-12 09:53:21,638 [INFO] ApplicationProperties:184 - Using Application install path: C:\ST\STM32CubeIDE_1.15.0\STM32CubeIDE\plugins\com.st.stm32cube.common.mx_6.11.1.202404110753
2024-06-12 09:53:21,662 [INFO] DbMcusXml:78 - Set database path to: C:\ST\STM32CubeIDE_1.15.0\STM32CubeIDE\plugins\com.st.stm32cube.common.mx_6.11.1.202404110753\\db\/mcu/
2024-06-12 09:53:21,662 [INFO] ApiDb:274 - Set plugin database path to: C:\ST\STM32CubeIDE_1.15.0\STM32CubeIDE\plugins\com.st.stm32cube.common.mx_6.11.1.202404110753\\db\/plugins/boardmanager/
2024-06-12 09:53:21,663 [WARN] ApiDb:259 - Overriding images path with different value:  => C:\ST\STM32CubeIDE_1.15.0\STM32CubeIDE\plugins\com.st.stm32cube.common.mx_6.11.1.202404110753\\db\/plugins/mcufinder/images/
2024-06-12 09:53:21,670 [INFO] ApiDb:250 - Set database path to: C:\Users\magoo\.stmcufinder\plugins\mcufinder//mcu/
2024-06-12 09:53:21,671 [INFO] DbMcusAds:125 - Set database path to: C:\Users\magoo\.stmcufinder\plugins\mcufinder//mcu/
2024-06-12 09:53:21,675 [INFO] CrossReferenceDbSqlite:203 - Set database path to: C:\Users\magoo\.stmcufinder\plugins\mcufinder//mcu/cs/
2024-06-12 09:53:21,844 [INFO] RulesReader:64 - Compatibility file has been processed (297 Rules)
2024-06-12 09:53:21,957 [INFO] DbMcusXml:78 - Set database path to: C:\ST\STM32CubeIDE_1.15.0\STM32CubeIDE\plugins\com.st.stm32cube.common.mx_6.11.1.202404110753\\db\/mcu/
2024-06-12 09:53:21,958 [INFO] ApiDb:274 - Set plugin database path to: C:\ST\STM32CubeIDE_1.15.0\STM32CubeIDE\plugins\com.st.stm32cube.common.mx_6.11.1.202404110753\\db\/plugins/boardmanager/
2024-06-12 09:53:21,958 [INFO] ApiDb:261 - Set plugin images path to: C:\ST\STM32CubeIDE_1.15.0\STM32CubeIDE\plugins\com.st.stm32cube.common.mx_6.11.1.202404110753\\db\/plugins/mcufinder/images/
2024-06-12 09:53:21,958 [WARN] DbFile:41 - Overriding database path with different value: C:\Users\magoo\.stmcufinder\plugins\mcufinder/ => C:\Users\magoo\.stmcufinder\plugins\mcufinder
2024-06-12 09:53:21,958 [INFO] ApiDb:250 - Set database path to: C:\Users\magoo\.stmcufinder\plugins\mcufinder//mcu/
2024-06-12 09:53:21,959 [WARN] DbFile:41 - Overriding database path with different value: C:\Users\magoo\.stmcufinder\plugins\mcufinder/ => C:\Users\magoo\.stmcufinder\plugins\mcufinder
2024-06-12 09:53:21,959 [INFO] DbMcusAds:125 - Set database path to: C:\Users\magoo\.stmcufinder\plugins\mcufinder//mcu/
2024-06-12 09:53:21,959 [WARN] DbFile:41 - Overriding database path with different value: C:\Users\magoo\.stmcufinder\plugins\mcufinder/ => C:\Users\magoo\.stmcufinder\plugins\mcufinder
2024-06-12 09:53:21,959 [WARN] DbFile:41 - Overriding database path with different value: C:\Users\magoo\.stmcufinder\plugins\mcufinder/ => C:\Users\magoo\.stmcufinder\plugins\mcufinder
2024-06-12 09:53:21,959 [INFO] CrossReferenceDbSqlite:203 - Set database path to: C:\Users\magoo\.stmcufinder\plugins\mcufinder//mcu/cs/
2024-06-12 09:53:22,073 [INFO] MainPanel:264 - HeapMemory: 268435456
2024-06-12 09:53:22,174 [INFO] DbMcusXml:78 - Set database path to: C:\ST\STM32CubeIDE_1.15.0\STM32CubeIDE\plugins\com.st.stm32cube.common.mx_6.11.1.202404110753\\db\/mcu/
2024-06-12 09:53:22,174 [INFO] ApiDb:274 - Set plugin database path to: C:\ST\STM32CubeIDE_1.15.0\STM32CubeIDE\plugins\com.st.stm32cube.common.mx_6.11.1.202404110753\\db\/plugins/boardmanager/
2024-06-12 09:53:22,174 [INFO] ApiDb:261 - Set plugin images path to: C:\ST\STM32CubeIDE_1.15.0\STM32CubeIDE\plugins\com.st.stm32cube.common.mx_6.11.1.202404110753\\db\/plugins/mcufinder/images/
2024-06-12 09:53:22,175 [WARN] DbFile:41 - Overriding database path with different value: C:\Users\magoo\.stmcufinder\plugins\mcufinder/ => C:\Users\magoo\.stmcufinder\plugins\mcufinder
2024-06-12 09:53:22,175 [INFO] ApiDb:250 - Set database path to: C:\Users\magoo\.stmcufinder\plugins\mcufinder//mcu/
2024-06-12 09:53:22,175 [WARN] DbFile:41 - Overriding database path with different value: C:\Users\magoo\.stmcufinder\plugins\mcufinder/ => C:\Users\magoo\.stmcufinder\plugins\mcufinder
2024-06-12 09:53:22,176 [INFO] DbMcusAds:125 - Set database path to: C:\Users\magoo\.stmcufinder\plugins\mcufinder//mcu/
2024-06-12 09:53:22,176 [WARN] DbFile:41 - Overriding database path with different value: C:\Users\magoo\.stmcufinder\plugins\mcufinder/ => C:\Users\magoo\.stmcufinder\plugins\mcufinder
2024-06-12 09:53:22,176 [WARN] DbFile:41 - Overriding database path with different value: C:\Users\magoo\.stmcufinder\plugins\mcufinder/ => C:\Users\magoo\.stmcufinder\plugins\mcufinder
2024-06-12 09:53:22,176 [INFO] CrossReferenceDbSqlite:203 - Set database path to: C:\Users\magoo\.stmcufinder\plugins\mcufinder//mcu/cs/
2024-06-12 09:53:22,202 [INFO] ApplicationProperties:184 - Using Application install path: C:\ST\STM32CubeIDE_1.15.0\STM32CubeIDE\plugins\com.st.stm32cube.common.mx_6.11.1.202404110753
2024-06-12 09:53:22,203 [INFO] PluginManage:196 - Search for loadable plugins [exclusion list=, ]
2024-06-12 09:53:22,205 [INFO] PluginManage:310 - Check plugin analytics
2024-06-12 09:53:22,481 [INFO] AnalyticsPlugin:253 - Accepted Software Licenses: 
2024-06-12 09:53:22,481 [INFO] AnalyticsPlugin:255 - Accepted CMSIS Pack Licenses: 
2024-06-12 09:53:22,481 [INFO] AnalyticsPlugin:257 - Accepted Firmware Licenses: FW.L4.1.18.0,FW.F4.1.28.0
2024-06-12 09:53:22,486 [INFO] PluginManage:359 - Loaded plugin analytics (category:tool,tabindex:-1)
2024-06-12 09:53:22,486 [INFO] PluginManage:310 - Check plugin cadmodel
2024-06-12 09:53:22,527 [INFO] CADModel:105 - Init CAD model plugin
2024-06-12 09:53:22,527 [INFO] PluginManage:359 - Loaded plugin cadmodel (category:power,tabindex:5)
2024-06-12 09:53:22,527 [INFO] PluginManage:310 - Check plugin clock
2024-06-12 09:53:22,543 [INFO] PluginManage:359 - Loaded plugin clock (category:base,tabindex:2)
2024-06-12 09:53:22,543 [INFO] PluginManage:310 - Check plugin ddr
2024-06-12 09:53:22,548 [INFO] PluginManage:359 - Loaded plugin ddr (category:tool,tabindex:6)
2024-06-12 09:53:22,548 [INFO] PluginManage:310 - Check plugin filemanager
2024-06-12 09:53:22,786 [INFO] PluginManage:359 - Loaded plugin filemanager (category:base,tabindex:10)
2024-06-12 09:53:22,786 [INFO] PluginManage:310 - Check plugin ipmanager
2024-06-12 09:53:22,796 [INFO] PluginManage:359 - Loaded plugin ipmanager (category:base,tabindex:5)
2024-06-12 09:53:22,796 [INFO] PluginManage:310 - Check plugin lpbam
2024-06-12 09:53:22,809 [INFO] PluginManage:359 - Loaded plugin lpbam (category:base,tabindex:0)
2024-06-12 09:53:22,809 [INFO] PluginManage:310 - Check plugin memorymap
2024-06-12 09:53:22,825 [INFO] PluginManage:359 - Loaded plugin memorymap (category:base,tabindex:4)
2024-06-12 09:53:22,825 [INFO] PluginManage:310 - Check plugin pinoutandconfiguration
2024-06-12 09:53:22,833 [INFO] PluginManage:359 - Loaded plugin pinoutandconfiguration (category:base,tabindex:1)
2024-06-12 09:53:22,833 [INFO] PluginManage:310 - Check plugin pinoutconfig
2024-06-12 09:53:22,974 [WARN] SupportedApi:132 - Cannot load RTOS API schema: s4s-elt-must-match.1: The content of 'definitions' must match (annotation?, (simpleType | complexType)?, (unique | key | keyref)*)). A problem was found starting at: attribute.
2024-06-12 09:53:23,258 [INFO] PluginManage:359 - Loaded plugin pinoutconfig (category:base,tabindex:0)
2024-06-12 09:53:23,258 [INFO] PluginManage:310 - Check plugin power
2024-06-12 09:53:23,270 [INFO] PluginManage:359 - Loaded plugin power (category:power,tabindex:4)
2024-06-12 09:53:23,270 [INFO] PluginManage:310 - Check plugin projectmanager
2024-06-12 09:53:23,296 [INFO] PluginManage:359 - Loaded plugin projectmanager (category:projectmanager,tabindex:3)
2024-06-12 09:53:23,296 [INFO] PluginManage:310 - Check plugin thirdparty
2024-06-12 09:53:23,478 [INFO] PluginManage:359 - Loaded plugin thirdparty (category:base,tabindex:-1)
2024-06-12 09:53:23,478 [WARN] IntegrityCheckThread:84 - waiting for thirdparty lock release [integrity check]
2024-06-12 09:53:23,479 [INFO] PluginManage:310 - Check plugin tools
2024-06-12 09:53:23,479 [INFO] IntegrityCheckThread:86 - entering critical section [integrity check]
2024-06-12 09:53:23,481 [INFO] ThirdPartyUpdaterWithRetryManager:70 - Updater plugin not ready yet. [1/15]
2024-06-12 09:53:23,485 [INFO] PluginManage:359 - Loaded plugin tools (category:base,tabindex:7)
2024-06-12 09:53:23,485 [INFO] PluginManage:310 - Check plugin tutovideos
2024-06-12 09:53:23,750 [INFO] PluginManage:359 - Loaded plugin tutovideos (category:base,tabindex:-1)
2024-06-12 09:53:23,750 [INFO] PluginManage:310 - Check plugin updater
2024-06-12 09:53:23,763 [INFO] PluginManage:359 - Loaded plugin updater (category:base,tabindex:12)
2024-06-12 09:53:23,763 [INFO] PluginManage:310 - Check plugin userauth
2024-06-12 09:53:23,769 [INFO] UserAuth:114 - Init User Auth plugin
2024-06-12 09:53:23,769 [INFO] PluginManage:359 - Loaded plugin userauth (category:base,tabindex:14)
2024-06-12 09:53:23,770 [INFO] PluginManage:283 - PluginManage : Loaded plugins [17]
2024-06-12 09:53:24,082 [INFO] PinOutPanel:1561 - setPackage(No Configuration,No Configuration)
2024-06-12 09:53:24,205 [INFO] CADModel:165 - CPN selected for project level
2024-06-12 09:53:24,205 [INFO] CADModel:114 - Register for checkConnection events
2024-06-12 09:53:24,231 [INFO] IPUIPlugin:80 - create IPUIPlugin
2024-06-12 09:53:24,231 [INFO] PluginManager:220 - loadIPPluginJar : add adc
2024-06-12 09:53:24,235 [INFO] IPUIPlugin:80 - create IPUIPlugin
2024-06-12 09:53:24,235 [INFO] PluginManager:220 - loadIPPluginJar : add aes
2024-06-12 09:53:24,241 [INFO] IPUIPlugin:80 - create IPUIPlugin
2024-06-12 09:53:24,241 [INFO] PluginManager:220 - loadIPPluginJar : add can
2024-06-12 09:53:24,244 [INFO] IPUIPlugin:80 - create IPUIPlugin
2024-06-12 09:53:24,244 [INFO] PluginManager:220 - loadIPPluginJar : add comp
2024-06-12 09:53:24,248 [INFO] IPUIPlugin:80 - create IPUIPlugin
2024-06-12 09:53:24,248 [INFO] PluginManager:220 - loadIPPluginJar : add cryp
2024-06-12 09:53:24,252 [INFO] IPUIPlugin:80 - create IPUIPlugin
2024-06-12 09:53:24,252 [INFO] PluginManager:220 - loadIPPluginJar : add dfsdm
2024-06-12 09:53:24,262 [INFO] IPUIPlugin:80 - create IPUIPlugin
2024-06-12 09:53:24,263 [INFO] PluginManager:220 - loadIPPluginJar : add dma
2024-06-12 09:53:24,266 [INFO] IPUIPlugin:80 - create IPUIPlugin
2024-06-12 09:53:24,266 [INFO] PluginManager:220 - loadIPPluginJar : add dma3
2024-06-12 09:53:24,270 [INFO] IPUIPlugin:80 - create IPUIPlugin
2024-06-12 09:53:24,271 [INFO] PluginManager:220 - loadIPPluginJar : add extmemmanager
2024-06-12 09:53:24,273 [INFO] IPUIPlugin:80 - create IPUIPlugin
2024-06-12 09:53:24,273 [INFO] PluginManager:220 - loadIPPluginJar : add fatfs
2024-06-12 09:53:24,280 [INFO] IPUIPlugin:80 - create IPUIPlugin
2024-06-12 09:53:24,281 [INFO] PluginManager:220 - loadIPPluginJar : add fmc
2024-06-12 09:53:24,291 [INFO] IPUIPlugin:80 - create IPUIPlugin
2024-06-12 09:53:24,291 [INFO] PluginManager:220 - loadIPPluginJar : add freertos
2024-06-12 09:53:24,293 [INFO] IPUIPlugin:80 - create IPUIPlugin
2024-06-12 09:53:24,294 [INFO] PluginManager:220 - loadIPPluginJar : add genericplugin
2024-06-12 09:53:24,297 [INFO] IPUIPlugin:80 - create IPUIPlugin
2024-06-12 09:53:24,298 [INFO] PluginManager:220 - loadIPPluginJar : add gfxmmu
2024-06-12 09:53:24,306 [INFO] IPUIPlugin:80 - create IPUIPlugin
2024-06-12 09:53:24,306 [INFO] PluginManager:220 - loadIPPluginJar : add gic
2024-06-12 09:53:24,311 [INFO] IPUIPlugin:80 - create IPUIPlugin
2024-06-12 09:53:24,312 [INFO] PluginManager:220 - loadIPPluginJar : add gpio
2024-06-12 09:53:24,315 [INFO] IPUIPlugin:80 - create IPUIPlugin
2024-06-12 09:53:24,315 [INFO] PluginManager:220 - loadIPPluginJar : add gtzc
2024-06-12 09:53:24,319 [INFO] IPUIPlugin:80 - create IPUIPlugin
2024-06-12 09:53:24,319 [INFO] PluginManager:220 - loadIPPluginJar : add hash
2024-06-12 09:53:24,323 [INFO] IPUIPlugin:80 - create IPUIPlugin
2024-06-12 09:53:24,323 [INFO] PluginManager:220 - loadIPPluginJar : add i2c
2024-06-12 09:53:24,328 [INFO] IPUIPlugin:80 - create IPUIPlugin
2024-06-12 09:53:24,328 [INFO] PluginManager:220 - loadIPPluginJar : add i2s
2024-06-12 09:53:24,332 [INFO] IPUIPlugin:80 - create IPUIPlugin
2024-06-12 09:53:24,332 [INFO] PluginManager:220 - loadIPPluginJar : add i3c
2024-06-12 09:53:24,338 [INFO] IPUIPlugin:80 - create IPUIPlugin
2024-06-12 09:53:24,339 [INFO] PluginManager:220 - loadIPPluginJar : add ipddr
2024-06-12 09:53:24,350 [INFO] IPUIPlugin:80 - create IPUIPlugin
2024-06-12 09:53:24,351 [INFO] PluginManager:220 - loadIPPluginJar : add linkedlist
2024-06-12 09:53:24,355 [INFO] IPUIPlugin:80 - create IPUIPlugin
2024-06-12 09:53:24,355 [INFO] PluginManager:220 - loadIPPluginJar : add lorawan
2024-06-12 09:53:24,358 [INFO] IPUIPlugin:80 - create IPUIPlugin
2024-06-12 09:53:24,358 [INFO] PluginManager:220 - loadIPPluginJar : add ltdc
2024-06-12 09:53:24,369 [INFO] IPUIPlugin:80 - create IPUIPlugin
2024-06-12 09:53:24,369 [INFO] PluginManager:220 - loadIPPluginJar : add mdma
2024-06-12 09:53:24,374 [INFO] IPUIPlugin:80 - create IPUIPlugin
2024-06-12 09:53:24,375 [INFO] PluginManager:220 - loadIPPluginJar : add nvic
2024-06-12 09:53:24,380 [INFO] IPUIPlugin:80 - create IPUIPlugin
2024-06-12 09:53:24,380 [INFO] PluginManager:220 - loadIPPluginJar : add opamp
2024-06-12 09:53:24,384 [INFO] IPUIPlugin:80 - create IPUIPlugin
2024-06-12 09:53:24,384 [INFO] PluginManager:220 - loadIPPluginJar : add openamp
2024-06-12 09:53:24,389 [INFO] IPUIPlugin:80 - create IPUIPlugin
2024-06-12 09:53:24,389 [INFO] PluginManager:220 - loadIPPluginJar : add pdm2pcm
2024-06-12 09:53:24,398 [INFO] IPUIPlugin:80 - create IPUIPlugin
2024-06-12 09:53:24,402 [INFO] PluginManager:220 - loadIPPluginJar : add plateformsettings
2024-06-12 09:53:24,405 [INFO] IPUIPlugin:80 - create IPUIPlugin
2024-06-12 09:53:24,405 [INFO] PluginManager:220 - loadIPPluginJar : add quadspi
2024-06-12 09:53:24,410 [INFO] IPUIPlugin:80 - create IPUIPlugin
2024-06-12 09:53:24,410 [INFO] PluginManager:220 - loadIPPluginJar : add resmgrutility
2024-06-12 09:53:24,415 [INFO] IPUIPlugin:80 - create IPUIPlugin
2024-06-12 09:53:24,415 [INFO] PluginManager:220 - loadIPPluginJar : add sai
2024-06-12 09:53:24,418 [INFO] IPUIPlugin:80 - create IPUIPlugin
2024-06-12 09:53:24,419 [INFO] PluginManager:220 - loadIPPluginJar : add spi
2024-06-12 09:53:24,427 [INFO] IPUIPlugin:80 - create IPUIPlugin
2024-06-12 09:53:24,427 [INFO] PluginManager:220 - loadIPPluginJar : add stm32_wpan
2024-06-12 09:53:24,429 [INFO] IPUIPlugin:80 - create IPUIPlugin
2024-06-12 09:53:24,430 [INFO] PluginManager:220 - loadIPPluginJar : add tim
2024-06-12 09:53:24,435 [INFO] IPUIPlugin:80 - create IPUIPlugin
2024-06-12 09:53:24,435 [INFO] PluginManager:220 - loadIPPluginJar : add touchsensing
2024-06-12 09:53:24,439 [INFO] IPUIPlugin:80 - create IPUIPlugin
2024-06-12 09:53:24,439 [INFO] PluginManager:220 - loadIPPluginJar : add tracer_emb
2024-06-12 09:53:24,443 [INFO] IPUIPlugin:80 - create IPUIPlugin
2024-06-12 09:53:24,443 [INFO] PluginManager:220 - loadIPPluginJar : add ts
2024-06-12 09:53:24,446 [INFO] IPUIPlugin:80 - create IPUIPlugin
2024-06-12 09:53:24,446 [INFO] PluginManager:220 - loadIPPluginJar : add tsc
2024-06-12 09:53:24,449 [INFO] IPUIPlugin:80 - create IPUIPlugin
2024-06-12 09:53:24,449 [INFO] PluginManager:220 - loadIPPluginJar : add ucpd
2024-06-12 09:53:24,453 [INFO] IPUIPlugin:80 - create IPUIPlugin
2024-06-12 09:53:24,453 [INFO] PluginManager:220 - loadIPPluginJar : add usart
2024-06-12 09:53:24,458 [INFO] IPUIPlugin:80 - create IPUIPlugin
2024-06-12 09:53:24,458 [INFO] PluginManager:220 - loadIPPluginJar : add usbx
2024-06-12 09:53:24,651 [INFO] CADModel:165 - CPN selected for project level
2024-06-12 09:53:24,651 [INFO] CADModel:114 - Register for checkConnection events
2024-06-12 09:53:24,651 [FATAL] Updater:308 - Updater called before beeing initialized
2024-06-12 09:53:24,653 [ERROR] CADModel:125 - Updater not yet initialized, retry later 
2024-06-12 09:53:24,893 [INFO] CADModel:165 - CPN selected for project level
2024-06-12 09:53:24,893 [INFO] CADModel:114 - Register for checkConnection events
2024-06-12 09:53:24,894 [FATAL] Updater:308 - Updater called before beeing initialized
2024-06-12 09:53:24,894 [ERROR] CADModel:125 - Updater not yet initialized, retry later 
2024-06-12 09:53:24,898 [FATAL] Updater:308 - Updater called before beeing initialized
2024-06-12 09:53:25,056 [FATAL] Updater:308 - Updater called before beeing initialized
2024-06-12 09:53:25,062 [INFO] DbMcusAds:53 - JSON generation date=Thu May 16 02:22:00 PDT 2024 (1715851320667)
2024-06-12 09:53:25,063 [FATAL] Updater:308 - Updater called before beeing initialized
2024-06-12 09:53:25,120 [WARN] DetailPanel:346 - Failed to get advertising image, set to default
2024-06-12 09:53:25,278 [FATAL] Updater:308 - Updater called before beeing initialized
2024-06-12 09:53:25,280 [FATAL] Updater:308 - Updater called before beeing initialized
2024-06-12 09:53:25,280 [FATAL] Updater:308 - Updater called before beeing initialized
2024-06-12 09:53:25,280 [WARN] DetailPanel:346 - Failed to get advertising image, set to default
2024-06-12 09:53:25,282 [FATAL] Updater:308 - Updater called before beeing initialized
2024-06-12 09:53:25,354 [ERROR] Updater:1120 - MainUpdater not yet initialized. External WinMGr cannot be set.
2024-06-12 09:53:25,356 [INFO] Updater:1056 - Updater Version found : 6.11.1
2024-06-12 09:53:25,382 [INFO] ApplicationProperties:184 - Using Application install path: C:\ST\STM32CubeIDE_1.15.0\STM32CubeIDE\plugins\com.st.stm32cube.common.mx_6.11.1.202404110753
2024-06-12 09:53:26,483 [INFO] ThirdPartyUpdaterWithRetryManager:70 - Updater plugin not ready yet. [2/15]
2024-06-12 09:53:26,972 [ERROR] LogOutputStream:75 - [STDERR_REDIRECT] Jun 12, 2024 9:53:26 AM java.util.prefs.WindowsPreferences <init>
2024-06-12 09:53:26,977 [ERROR] LogOutputStream:75 - [STDERR_REDIRECT] WARNING: Could not open/create prefs root node Software\JavaSoft\Prefs at root 0xffffffff80000002. Windows RegCreateKeyEx(...) returned error code 5.
2024-06-12 09:53:26,977 [ERROR] LogOutputStream:75 - [STDERR_REDIRECT] 
2024-06-12 09:53:27,503 [INFO] MainUpdater:2873 - connection check result : 10
2024-06-12 09:53:27,504 [INFO] MainUpdater:290 - Updater Check For Update Now.
2024-06-12 09:53:27,504 [INFO] MicroXplorer:498 - Change Database Version : DB.6.0.111
2024-06-12 09:53:27,513 [INFO] McuFinderGlobals:63 - Set McuFinder mode to 2 (CubeIDE integrated)
2024-06-12 09:53:27,513 [INFO] McuFinderGlobals:63 - Set McuFinder mode to 2 (CubeIDE integrated)
2024-06-12 09:53:27,521 [INFO] UserAuth:415 - Internet connection configuration mode: 1
2024-06-12 09:53:27,526 [INFO] UserAuth:415 - Internet connection configuration mode: 1
2024-06-12 09:53:27,539 [INFO] JxBrowserEngine:152 - Initiate JxBrowser Engine with user profile folder
2024-06-12 09:53:27,737 [INFO] CheckServerUpdateThread:120 - End of CheckServer Thread
2024-06-12 09:53:29,794 [WARN] PackLoader:240 - Cannot read IP mode file for STMicroelectronics.FP-SNS-MOTENVWB1.1.4.0
2024-06-12 09:53:29,816 [WARN] PackLoader:240 - Cannot read IP mode file for STMicroelectronics.X-CUBE-SMBUS.2.1.0
2024-06-12 09:53:29,825 [WARN] PackLoader:240 - Cannot read IP mode file for STMicroelectronics.X-CUBE-TOUCHGFX.4.23.2
2024-06-12 09:53:29,886 [WARN] PackLoader:240 - Cannot read IP mode file for STMicroelectronics.X-CUBE-AZRTOS-F7.1.1.0
2024-06-12 09:53:29,904 [WARN] PackLoader:240 - Cannot read IP mode file for STMicroelectronics.FP-SNS-FLIGHT1.5.0.2
2024-06-12 09:53:29,922 [WARN] PackLoader:240 - Cannot read IP mode file for STMicroelectronics.X-CUBE-DISPLAY.3.0.0
2024-06-12 09:53:29,948 [WARN] PackLoader:240 - Cannot read IP mode file for STMicroelectronics.X-CUBE-BLE1.7.0.0
2024-06-12 09:53:29,960 [WARN] PackLoader:240 - Cannot read IP mode file for emotas.I-CUBE-CANOPEN.1.3.0
2024-06-12 09:53:30,015 [WARN] PackLoader:240 - Cannot read IP mode file for STMicroelectronics.X-CUBE-BLEMGR.3.1.0
2024-06-12 09:53:30,041 [WARN] PackLoader:240 - Cannot read IP mode file for STMicroelectronics.FP-SNS-SMARTAG2.1.2.0
2024-06-12 09:53:30,064 [INFO] LogOutputStream:77 - [STDOUT_REDIRECT] 1 : Invalid condition id : UX_CORESTACK_Condition cause : null
2024-06-12 09:53:30,065 [INFO] LogOutputStream:77 - [STDOUT_REDIRECT] 1 : Invalid condition id : UX_CORESTACK_Condition cause : null
2024-06-12 09:53:30,068 [INFO] LogOutputStream:77 - [STDOUT_REDIRECT] 1 : Invalid condition id : UX_CORESTACK_Condition cause : null
2024-06-12 09:53:30,072 [INFO] LogOutputStream:77 - [STDOUT_REDIRECT] 1 : Invalid condition id : UX_CORESTACK_Condition cause : null
2024-06-12 09:53:30,074 [INFO] LogOutputStream:77 - [STDOUT_REDIRECT] 1 : Invalid condition id : UX_CORESTACK_Condition cause : null
2024-06-12 09:53:30,086 [WARN] PackLoader:240 - Cannot read IP mode file for STMicroelectronics.X-CUBE-AZRTOS-WL.2.0.0
2024-06-12 09:53:30,098 [WARN] PackLoader:240 - Cannot read IP mode file for STMicroelectronics.FP-SNS-MOTENV1.5.0.0
2024-06-12 09:53:30,108 [WARN] PackLoader:240 - Cannot read IP mode file for wolfSSL.I-CUBE-wolfMQTT.1.19.0
2024-06-12 09:53:30,121 [WARN] PackLoader:240 - Cannot read IP mode file for WES.I-CUBE-Cesium.1.3.0
2024-06-12 09:53:30,130 [WARN] PackLoader:240 - Cannot read IP mode file for STMicroelectronics.X-CUBE-BLE2.3.3.0
2024-06-12 09:53:30,140 [WARN] PackLoader:240 - Cannot read IP mode file for STMicroelectronics.X-CUBE-TCPP.4.1.0
2024-06-12 09:53:30,153 [WARN] PackLoader:240 - Cannot read IP mode file for STMicroelectronics.X-CUBE-ALGOBUILD.1.3.0
2024-06-12 09:53:30,182 [WARN] PackLoader:240 - Cannot read IP mode file for STMicroelectronics.X-CUBE-AZRTOS-G0.1.1.0
2024-06-12 09:53:30,197 [WARN] PackLoader:240 - Cannot read IP mode file for STMicroelectronics.X-CUBE-SAFEA1.1.2.2
2024-06-12 09:53:30,206 [WARN] PackLoader:240 - Cannot read IP mode file for STMicroelectronics.X-CUBE-NFC4.3.0.0
2024-06-12 09:53:30,213 [WARN] PackLoader:240 - Cannot read IP mode file for wolfSSL.I-CUBE-wolfSSL.5.7.0
2024-06-12 09:53:30,220 [WARN] PackLoader:240 - Cannot read IP mode file for STMicroelectronics.FP-ATR-SIGFOX1.3.2.0
2024-06-12 09:53:30,230 [WARN] PackLoader:240 - Cannot read IP mode file for STMicroelectronics.X-CUBE-EEPRMA1.5.1.0
2024-06-12 09:53:30,242 [WARN] PackLoader:240 - Cannot read IP mode file for ITTIA_DB.I-CUBE-ITTIADB.8.9.0
2024-06-12 09:53:30,299 [WARN] PackLoader:240 - Cannot read IP mode file for SEGGER.I-CUBE-embOS.1.3.1
2024-06-12 09:53:30,386 [WARN] PackLoader:240 - Cannot read IP mode file for STMicroelectronics.X-CUBE-ALGOBUILD.1.4.0
2024-06-12 09:53:30,393 [WARN] PackLoader:240 - Cannot read IP mode file for STMicroelectronics.X-CUBE-GNSS1.6.0.0
2024-06-12 09:53:30,423 [WARN] PackLoader:240 - Cannot read IP mode file for STMicroelectronics.X-CUBE-AZRTOS-F4.1.1.0
2024-06-12 09:53:30,436 [WARN] PackLoader:240 - Cannot read IP mode file for STMicroelectronics.X-CUBE-FREERTOS.1.2.0
2024-06-12 09:53:30,466 [WARN] PackLoader:240 - Cannot read IP mode file for STMicroelectronics.X-CUBE-AZRTOS-L5.2.0.0
2024-06-12 09:53:30,483 [WARN] PackLoader:240 - Cannot read IP mode file for STMicroelectronics.X-CUBE-NFC6.3.1.0
2024-06-12 09:53:30,494 [WARN] PackLoader:240 - Cannot read IP mode file for STMicroelectronics.X-CUBE-AI.9.0.0
2024-06-12 09:53:30,502 [WARN] PackLoader:240 - Cannot read IP mode file for STMicroelectronics.X-CUBE-NFC7.1.0.1
2024-06-12 09:53:30,508 [WARN] PackLoader:240 - Cannot read IP mode file for STMicroelectronics.X-CUBE-AI.8.1.0
2024-06-12 09:53:30,536 [WARN] ConditionMgr:438 - getConditionDescription Invalid condition id : LAN8742 Phy interface Condition cause : null
2024-06-12 09:53:30,537 [WARN] PackLoader:240 - Cannot read IP mode file for STMicroelectronics.X-CUBE-AZRTOS-L4.2.0.0
2024-06-12 09:53:30,538 [WARN] ConditionMgr:1039 - genDependencies : Invalid condition id : LAN8742 Phy interface Condition cause : null
2024-06-12 09:53:30,539 [WARN] ConditionMgr:1039 - genDependencies : Invalid condition id : LAN8742 Phy interface Condition cause : null
2024-06-12 09:53:30,540 [WARN] ConditionMgr:1039 - genDependencies : Invalid condition id : LAN8742 Phy interface Condition cause : null
2024-06-12 09:53:30,553 [WARN] PackLoader:240 - Cannot read IP mode file for STMicroelectronics.X-CUBE-SFXS2LP1.4.0.0
2024-06-12 09:53:30,582 [WARN] ConditionMgr:438 - getConditionDescription Invalid condition id : UX DEVICE CLASS RTOS Condition cause : null
2024-06-12 09:53:30,583 [WARN] ConditionMgr:438 - getConditionDescription Invalid condition id : UX DEVICE CLASS RTOS Condition cause : null
2024-06-12 09:53:30,587 [WARN] PackLoader:240 - Cannot read IP mode file for STMicroelectronics.X-CUBE-AZRTOS-WB.2.0.0
2024-06-12 09:53:30,588 [WARN] ConditionMgr:1039 - genDependencies : Invalid condition id : UX DEVICE CLASS RTOS Condition cause : null
2024-06-12 09:53:30,588 [WARN] ConditionMgr:1039 - genDependencies : Invalid condition id : UX DEVICE CLASS RTOS Condition cause : null
2024-06-12 09:53:30,589 [WARN] ConditionMgr:1039 - genDependencies : Invalid condition id : UX DEVICE CLASS RTOS Condition cause : null
2024-06-12 09:53:30,590 [WARN] ConditionMgr:1039 - genDependencies : Invalid condition id : UX DEVICE CLASS RTOS Condition cause : null
2024-06-12 09:53:30,590 [WARN] ConditionMgr:1039 - genDependencies : Invalid condition id : UX DEVICE CLASS RTOS Condition cause : null
2024-06-12 09:53:30,606 [WARN] PackLoader:240 - Cannot read IP mode file for STMicroelectronics.X-CUBE-SUBG2.5.0.0
2024-06-12 09:53:30,646 [WARN] PackLoader:240 - Cannot read IP mode file for STMicroelectronics.X-CUBE-AZRTOS-G4.2.0.0
2024-06-12 09:53:30,657 [WARN] PackLoader:240 - Cannot read IP mode file for STMicroelectronics.FP-SNS-MOTENVWB1.1.3.1
2024-06-12 09:53:30,663 [WARN] PackLoader:240 - Cannot read IP mode file for STMicroelectronics.X-CUBE-ISPU.2.0.0
2024-06-12 09:53:30,670 [WARN] PackLoader:240 - Cannot read IP mode file for STMicroelectronics.X-CUBE-ALS.1.0.2
2024-06-12 09:53:30,736 [WARN] PackLoader:240 - Cannot read IP mode file for STMicroelectronics.X-CUBE-MEMS1.10.0.0
2024-06-12 09:53:31,026 [WARN] PackLoader:240 - Cannot read IP mode file for STMicroelectronics.X-CUBE-FREERTOS.1.1.0
2024-06-12 09:53:31,065 [WARN] PackLoader:240 - Cannot read IP mode file for portGmbH.I-Cube-SoM-uGOAL.1.1.0
2024-06-12 09:53:31,128 [WARN] PackLoader:240 - Cannot read IP mode file for STMicroelectronics.X-CUBE-ALS.1.0.1
2024-06-12 09:53:31,194 [WARN] PackLoader:240 - Cannot read IP mode file for STMicroelectronics.X-CUBE-AZRTOS-H7RS.1.0.0
2024-06-12 09:53:31,210 [WARN] PackLoader:240 - Cannot read IP mode file for STMicroelectronics.FP-ATR-ASTRA1.2.0.0
2024-06-12 09:53:31,264 [WARN] PackLoader:240 - Cannot read IP mode file for STMicroelectronics.X-CUBE-TOF1.3.4.1
2024-06-12 09:53:31,332 [WARN] PackLoader:240 - Cannot read IP mode file for STMicroelectronics.X-CUBE-AZRTOS-H7.3.2.0
2024-06-12 09:53:31,400 [WARN] PackLoader:240 - Cannot read IP mode file for Infineon.AIROC-Wi-Fi-Bluetooth-STM32.1.6.0
2024-06-12 09:53:31,406 [INFO] ThirdParty:978 - Integrity check success = true
2024-06-12 09:53:31,406 [INFO] IntegrityCheckThread:100 - exiting critical section [integrity check]
2024-06-12 09:53:31,407 [INFO] IntegrityCheckThread:103 - End integrity checks thread
2024-06-12 09:53:31,875 [INFO] WebApp:161 - Instantiating new browser for Auth
2024-06-12 09:53:32,889 [INFO] WebApp:779 - Register for checkConnection events
2024-06-12 09:53:32,889 [INFO] WebApp:414 - Apply proxy settings
2024-06-12 09:53:32,889 [INFO] WebApp:499 - Chromium requires no authentication
2024-06-12 09:53:32,906 [INFO] WebApp:442 - Direct internet connection detected
2024-06-12 09:53:33,426 [INFO] WebApp:192 - Starting web application
2024-06-12 09:53:33,426 [INFO] WebApp:544 - Web application path used C:\ST\STM32CubeIDE_1.15.0\STM32CubeIDE\plugins\com.st.stm32cube.common.mx_6.11.1.202404110753\db\plugins\mcufinder\reactClient1\index.html
